2026-06-11 10:29:59 - AutoRunner monitor loop started.
2026-06-11 10:29:59 - Today's report is already generated. Exiting AutoRunner.
2026-06-11 10:30:07 - AutoRunner monitor loop started.
2026-06-11 10:30:40 - AutoRunner monitor loop started.
2026-06-11 10:30:40 - Offline. Will check again in 10 minutes...
2026-06-11 10:31:03 - AutoRunner monitor loop started.
2026-06-11 10:31:03 - Online detected. Starting daily report generation...
2026-06-11 10:31:11 - Report generated successfully. Committing to Git...
2026-06-11 10:31:12 - Git commit completed. Exiting AutoRunner.
2026-06-12 09:41:13 - Scheduled task started.
2026-06-12 09:41:14 - Online detected. Running main.py...
2026-06-12 09:41:22 - Report generated successfully. Committing to Git...
2026-06-12 09:41:22 - Git commit completed. Exiting.
2026-06-13 08:26:30 - Scheduled task started.
2026-06-13 08:26:30 - Online detected. Updating report via AI...
2026-06-13 08:27:00 - Running main.py...
2026-06-13 08:27:07 - Report generated successfully. Committing to Git...
2026-06-13 08:27:08 - Git commit completed. Exiting.
2026-06-15 08:47:04 - Scheduled task started.
2026-06-15 08:47:04 - Online detected. Updating report via AI...
2026-06-15 08:47:43 - Running main.py...
2026-06-15 08:47:52 - Report generated successfully. Committing to Git...
2026-06-15 08:47:52 - Git commit completed. Exiting.
2026-06-15 11:12:36 - Scheduled task started.
2026-06-15 11:12:36 - Online detected. Updating report via AI...
2026-06-15 11:13:28 - Running main.py...
2026-06-15 11:13:38 - Report generated successfully. Committing to Git...
2026-06-15 11:13:38 - Git commit completed. Exiting.
2026-06-16 12:09:01 - Scheduled task started.
2026-06-16 12:19:02 - Failed to connect to network after 10 minutes. Exiting.
2026-06-16 20:11:45 - Scheduled task started.
2026-06-16 20:11:46 - Online detected. Updating report via AI...
2026-06-16 20:12:27 - Running main.py...
2026-06-16 20:12:36 - Report generated successfully. Committing to Git...
2026-06-16 20:12:37 - Git commit completed. Exiting.
2026-06-17 17:31:20 - Scheduled task started.
2026-06-17 17:31:21 - Online detected. Updating report via AI...
2026-06-17 17:31:50 - Running main.py...
2026-06-17 17:31:54 - Report generated successfully. Committing to Git...
2026-06-17 17:31:54 - Git commit completed. Exiting.
2026-06-17 17:32:02 - Scheduled task started.
2026-06-17 17:32:02 - Today's report is already generated. Exiting.
2026-06-18 10:01:54 - Scheduled task started.
2026-06-18 10:01:54 - Online detected. Updating report via AI...
2026-06-18 10:02:32 - Running main.py...
2026-06-18 10:02:35 - Report generated successfully. Committing to Git...
